fireBase/app/build/intermediates/manifest_merge_blame_file/debug/manifest-merger-blame-debug-report.txt
1<?xml version="1.0" encoding="utf-8"?>
2<manifest xmlns:android="http://schemas.android.com/apk/res/android"
3    package="com.example.firebase"
4    android:versionCode="1"
5    android:versionName="1.0" >
6
7    <uses-sdk
8        android:minSdkVersion="22"
8-->src\main\AndroidManifest.xml
9        android:targetSdkVersion="29" />
9-->src\main\AndroidManifest.xml
10
11    <!-- Although the *SdkVersion is captured in gradle build files, this is required for non gradle builds -->
12    <!-- <uses-sdk android:minSdkVersion="14"/> -->
13    <uses-permission android:name="android.permission.ACCESS_NETWORK_STATE" />
13-->[com.google.firebase:firebase-database:19.2.0] AndroidManifest.xml:25:5-79
13-->[com.google.firebase:firebase-database:19.2.0] AndroidManifest.xml:25:22-76
14    <uses-permission android:name="android.permission.INTERNET" />
14-->[com.google.firebase:firebase-database:19.2.0] AndroidManifest.xml:26:5-67
14-->[com.google.firebase:firebase-database:19.2.0] AndroidManifest.xml:26:22-64
15
16    <application
16-->src\main\AndroidManifest.xml:5:5-20:19
17        android:allowBackup="true"
17-->src\main\AndroidManifest.xml:6:9-35
18        android:appComponentFactory="androidx.core.app.CoreComponentFactory"
18-->[androidx.core:core:1.0.1] AndroidManifest.xml:22:18-86
19        android:debuggable="true"
20        android:icon="@mipmap/ic_launcher"
20-->src\main\AndroidManifest.xml:7:9-43
21        android:label="@string/app_name"
21-->src\main\AndroidManifest.xml:8:9-41
22        android:roundIcon="@mipmap/ic_launcher_round"
22-->src\main\AndroidManifest.xml:9:9-54
23        android:supportsRtl="true"
23-->src\main\AndroidManifest.xml:10:9-35
24        android:testOnly="true"
25        android:theme="@style/AppTheme" >
25-->src\main\AndroidManifest.xml:11:9-40
26        <activity android:name="com.example.firebase.Main2Activity" />
26-->src\main\AndroidManifest.xml:12:9-60
26-->src\main\AndroidManifest.xml:12:19-48
27        <activity android:name="com.example.firebase.MainActivity" >
27-->src\main\AndroidManifest.xml:13:9-19:20
27-->src\main\AndroidManifest.xml:13:19-47
28            <intent-filter>
28-->src\main\AndroidManifest.xml:14:13-18:29
29                <action android:name="android.intent.action.MAIN" />
29-->src\main\AndroidManifest.xml:15:17-69
29-->src\main\AndroidManifest.xml:15:25-66
30
31                <category android:name="android.intent.category.LAUNCHER" />
31-->src\main\AndroidManifest.xml:17:17-77
31-->src\main\AndroidManifest.xml:17:27-74
32            </intent-filter>
33        </activity>
34
35        <service
35-->[com.google.firebase:firebase-database:19.2.0] AndroidManifest.xml:29:9-35:19
36            android:name="com.google.firebase.components.ComponentDiscoveryService"
36-->[com.google.firebase:firebase-database:19.2.0] AndroidManifest.xml:30:13-84
37            android:directBootAware="true"
37-->[com.google.firebase:firebase-common:19.2.0] AndroidManifest.xml:15:13-43
38            android:exported="false" >
38-->[com.google.firebase:firebase-database:19.2.0] AndroidManifest.xml:31:13-37
39            <meta-data
39-->[com.google.firebase:firebase-database:19.2.0] AndroidManifest.xml:32:13-34:85
40                android:name="com.google.firebase.components:com.google.firebase.database.DatabaseRegistrar"
40-->[com.google.firebase:firebase-database:19.2.0] AndroidManifest.xml:33:17-109
41                android:value="com.google.firebase.components.ComponentRegistrar" />
41-->[com.google.firebase:firebase-database:19.2.0] AndroidManifest.xml:34:17-82
42        </service>
43
44        <activity
44-->[com.google.android.gms:play-services-base:17.0.0] AndroidManifest.xml:23:9-26:75
45            android:name="com.google.android.gms.common.api.GoogleApiActivity"
45-->[com.google.android.gms:play-services-base:17.0.0] AndroidManifest.xml:24:13-79
46            android:exported="false"
46-->[com.google.android.gms:play-services-base:17.0.0] AndroidManifest.xml:25:13-37
47            android:theme="@android:style/Theme.Translucent.NoTitleBar" />
47-->[com.google.android.gms:play-services-base:17.0.0] AndroidManifest.xml:26:13-72
48
49        <provider
49-->[com.google.firebase:firebase-common:19.2.0] AndroidManifest.xml:19:9-23:39
50            android:name="com.google.firebase.provider.FirebaseInitProvider"
50-->[com.google.firebase:firebase-common:19.2.0] AndroidManifest.xml:20:13-77
51            android:authorities="com.example.firebase.firebaseinitprovider"
51-->[com.google.firebase:firebase-common:19.2.0] AndroidManifest.xml:21:13-72
52            android:exported="false"
52-->[com.google.firebase:firebase-common:19.2.0] AndroidManifest.xml:22:13-37
53            android:initOrder="100" />
53-->[com.google.firebase:firebase-common:19.2.0] AndroidManifest.xml:23:13-36
54
55        <meta-data
55-->[com.google.android.gms:play-services-basement:17.0.0] AndroidManifest.xml:23:9-25:69
56            android:name="com.google.android.gms.version"
56-->[com.google.android.gms:play-services-basement:17.0.0] AndroidManifest.xml:24:13-58
57            android:value="@integer/google_play_services_version" />
57-->[com.google.android.gms:play-services-basement:17.0.0] AndroidManifest.xml:25:13-66
58    </application>
59
60</manifest>